<?xml version="1.0" encoding="UTF-8"?>
<!-- Generated by org.testng.reporters.JUnitReportReporter -->
<testsuite hostname="WKWZT6toYv6zu8N" failures="0" tests="1" name="Generic_Repo.Demo_practice" time="0.938" errors="0" timestamp="2024-02-01T23:50:49 IST" skipped="0">
  <testcase classname="Generic_Repo.Demo_practice" name="delete" time="0.938"/>
  <system-out/>
</testsuite> <!-- Generic_Repo.Demo_practice -->
