<?xml version="1.0" encoding="UTF-8"?>
<!-- Generated by org.testng.reporters.JUnitReportReporter -->
<testsuite hostname="WKWZT6toYv6zu8N" failures="0" tests="1" name="Com_RestAssured_FrameWork.Http_Actions" time="2.076" errors="0" timestamp="2024-02-05T11:06:45 IST" skipped="0">
  <testcase classname="Com_RestAssured_FrameWork.Http_Actions" name="readData" time="2.076"/>
  <system-out/>
</testsuite> <!-- Com_RestAssured_FrameWork.Http_Actions -->
